<?xml version="1.0" encoding="utf-8" standalone="no"?>
<!--This file represents the results of running a test suite-->
<test-results name="C:\workspace-Hg\message-builder\message-builder-core\target\translation\mbtdotnet\message-builder-core\bin\Debug\message-builder-core.dll" total="674" errors="0" failures="0" not-run="12" inconclusive="0" ignored="12" skipped="0" invalid="0" date="2012-07-27" time="17:26:30">
  <environment nunit-version="2.6.0.12051" clr-version="2.0.50727.3634" os-version="Microsoft Windows NT 5.2.3790 Service Pack 2" platform="Win32NT" cwd="C:\workspace-Hg\message-builder\message-builder-core\target\translation\mbtdotnet\message-builder-core\bin\Debug" machine-name="POD1537" user="Administrator" user-domain="POD1537" />
  <culture-info current-culture="en-US" current-uiculture="en-US" />
  <test-suite type="Assembly" name="C:\workspace-Hg\message-builder\message-builder-core\target\translation\mbtdotnet\message-builder-core\bin\Debug\message-builder-core.dll" executed="True" result="Success" success="True" time="36.984" asserts="0">
    <results>
      <test-suite type="Namespace" name="Ca" executed="True" result="Success" success="True" time="36.734" asserts="0">
        <results>
          <test-suite type="Namespace" name="Infoway" executed="True" result="Success" success="True" time="36.734" asserts="0">
            <results>
              <test-suite type="Namespace" name="Messagebuilder" executed="True" result="Success" success="True" time="36.734" asserts="0">
                <results>
                  <test-suite type="Namespace" name="Datatype" executed="True" result="Success" success="True" time="0.391" asserts="0">
                    <results>
                      <test-suite type="TestFixture" name="Hl7TypeNameTest" executed="True" result="Success" success="True" time="0.094" asserts="0">
                        <results>
                          <test-case name="Ca.Infoway.Messagebuilder.Datatype.Hl7TypeNameTest.ShouldCorrectlyIndicateEquality" executed="True" result="Success" success="True" time="0.094" asserts="2" />
                        </results>
                      </test-suite>
                      <test-suite type="TestFixture" name="Hl7TypeParserTest" executed="True" result="Success" success="True" time="0.016" asserts="0">
                        <results>
                          <test-case name="Ca.Infoway.Messagebuilder.Datatype.Hl7TypeParserTest.ShouldNotSplitOnNestedCommas" executed="True" result="Success" success="True" time="0.016" asserts="2" />
                          <test-case name="Ca.Infoway.Messagebuilder.Datatype.Hl7TypeParserTest.ShouldParseComplexParameterizedTypes" executed="True" result="Success" success="True" time="0.000" asserts="5" />
                          <test-case name="Ca.Infoway.Messagebuilder.Datatype.Hl7TypeParserTest.ShouldParseParameterizedTypes" executed="True" result="Success" success="True" time="0.000" asserts="2" />
                          <test-case name="Ca.Infoway.Messagebuilder.Datatype.Hl7TypeParserTest.ShouldParseSimpleCase" executed="True" result="Success" success="True" time="0.000" asserts="1" />
                          <test-case name="Ca.Infoway.Messagebuilder.Datatype.Hl7TypeParserTest.ShouldSplitOnCommas" executed="True" result="Success" success="True" time="0.000" asserts="2" />
                          <test-case name="Ca.Infoway.Messagebuilder.Datatype.Hl7TypeParserTest.ShouldStripWhitespace" executed="True" result="Success" success="True" time="0.000" asserts="5" />
                        </results>
                      </test-suite>
                      <test-suite type="Namespace" name="Impl" executed="True" result="Success" success="True" time="0.094" asserts="0">
                        <results>
                          <test-suite type="TestFixture" name="LISTImplTest" executed="True" result="Success" success="True" time="0.062" asserts="0">
                            <results>
                              <test-case name="Ca.Infoway.Messagebuilder.Datatype.Impl.LISTImplTest.ShouldBeAbleToAddMultipleElementsToList" executed="True" result="Success" success="True" time="0.047" asserts="22" />
                              <test-case name="Ca.Infoway.Messagebuilder.Datatype.Impl.LISTImplTest.ShouldBeAbleToAddToList" executed="True" result="Success" success="True" time="0.000" asserts="6" />
                              <test-case name="Ca.Infoway.Messagebuilder.Datatype.Impl.LISTImplTest.ShouldBeAbleToCreateList" executed="True" result="Success" success="True" time="0.000" asserts="3" />
                              <test-case name="Ca.Infoway.Messagebuilder.Datatype.Impl.LISTImplTest.ShouldBeAbleToDetectLastIndexOf" executed="True" result="Success" success="True" time="0.000" asserts="1" />
                              <test-case name="Ca.Infoway.Messagebuilder.Datatype.Impl.LISTImplTest.ShouldBeAbleToIterateRawList" executed="True" result="Success" success="True" time="0.000" asserts="4" />
                              <test-case name="Ca.Infoway.Messagebuilder.Datatype.Impl.LISTImplTest.ShouldBeAbleToObtainPartOfList" executed="True" result="Success" success="True" time="0.000" asserts="13" />
                              <test-case name="Ca.Infoway.Messagebuilder.Datatype.Impl.LISTImplTest.ShouldBeAbleToRemoveMultipleElementsFromList" executed="True" result="Success" success="True" time="0.000" asserts="27" />
                              <test-case name="Ca.Infoway.Messagebuilder.Datatype.Impl.LISTImplTest.ShouldBeAbleToSetValueInList" executed="True" result="Success" success="True" time="0.000" asserts="5" />
                            </results>
                          </test-suite>
                          <test-suite type="TestFixture" name="SETImplTest" executed="True" result="Success" success="True" time="0.016" asserts="0">
                            <results>
                              <test-case name="Ca.Infoway.Messagebuilder.Datatype.Impl.SETImplTest.ShouldBeAbleToAddMultipleElementsToSet" executed="True" result="Success" success="True" time="0.000" asserts="11" />
                              <test-case name="Ca.Infoway.Messagebuilder.Datatype.Impl.SETImplTest.ShouldBeAbleToAddToSet" executed="True" result="Success" success="True" time="0.000" asserts="5" />
                              <test-case name="Ca.Infoway.Messagebuilder.Datatype.Impl.SETImplTest.ShouldBeAbleToCreateSet" executed="True" result="Success" success="True" time="0.000" asserts="3" />
                              <test-case name="Ca.Infoway.Messagebuilder.Datatype.Impl.SETImplTest.ShouldBeAbleToIterateRawSet" executed="True" result="Success" success="True" time="0.000" asserts="4" />
                              <test-case name="Ca.Infoway.Messagebuilder.Datatype.Impl.SETImplTest.ShouldBeAbleToObtainArrayFromSet" executed="True" result="Success" success="True" time="0.000" asserts="10" />
                              <test-case name="Ca.Infoway.Messagebuilder.Datatype.Impl.SETImplTest.ShouldBeAbleToRemoveMultipleElementsFromSet" executed="True" result="Success" success="True" time="0.000" asserts="14" />
                            </results>
                          </test-suite>
                        </results>
                      </test-suite>
                      <test-suite type="Namespace" name="Lang" executed="True" result="Success" success="True" time="0.094" asserts="0">
                        <results>
                          <test-suite type="TestFixture" name="GenericMathTest" executed="True" result="Success" success="True" time="0.094" asserts="0">
                            <results>
                              <test-case name="Ca.Infoway.Messagebuilder.Datatype.Lang.GenericMathTest.TestAddDateAndDiff" executed="True" result="Success" success="True" time="0.000" asserts="1" />
                              <test-case name="Ca.Infoway.Messagebuilder.Datatype.Lang.GenericMathTest.TestAddDateDiff" executed="True" result="Success" success="True" time="0.016" asserts="5" />
                              <test-case name="Ca.Infoway.Messagebuilder.Datatype.Lang.GenericMathTest.TestAddIntegers" executed="True" result="Success" success="True" time="0.000" asserts="3" />
                              <test-case name="Ca.Infoway.Messagebuilder.Datatype.Lang.GenericMathTest.TestAddIntegersDiff" executed="True" result="Success" success="True" time="0.000" asserts="3" />
                              <test-case name="Ca.Infoway.Messagebuilder.Datatype.Lang.GenericMathTest.TestAddLong" executed="True" result="Success" success="True" time="0.016" asserts="3" />
                              <test-case name="Ca.Infoway.Messagebuilder.Datatype.Lang.GenericMathTest.TestAddPhysicalQuantities" executed="True" result="Success" success="True" time="0.016" asserts="2" />
                              <test-case name="Ca.Infoway.Messagebuilder.Datatype.Lang.GenericMathTest.TestPhysicalQuantitesWithInnerValuesAsNull" executed="True" result="Success" success="True" time="0.016" asserts="36" />
                              <test-case name="Ca.Infoway.Messagebuilder.Datatype.Lang.GenericMathTest.testPhysicalQuantitiesAsNull" executed="True" result="Success" success="True" time="0.000" asserts="13" />
                              <test-case name="Ca.Infoway.Messagebuilder.Datatype.Lang.GenericMathTest.TestPhysicalQuantityAverage" executed="True" result="Success" success="True" time="0.000" asserts="1" />
                              <test-case name="Ca.Infoway.Messagebuilder.Datatype.Lang.GenericMathTest.TestPhysicalQuantityDiff" executed="True" result="Success" success="True" time="0.000" asserts="1" />
                              <test-case name="Ca.Infoway.Messagebuilder.Datatype.Lang.GenericMathTest.TestPhysicalQuantityHalf" executed="True" result="Success" success="True" time="0.000" asserts="1" />
                            </results>
                          </test-suite>
                        </results>
                      </test-suite>
                      <test-suite type="TestFixture" name="StandardDataTypeTest" executed="True" result="Success" success="True" time="0.031" asserts="0">
                        <results>
                          <test-case name="Ca.Infoway.Messagebuilder.Datatype.StandardDataTypeTest.ShouldCalculateIsCoded" executed="True" result="Success" success="True" time="0.000" asserts="4" />
                          <test-case name="Ca.Infoway.Messagebuilder.Datatype.StandardDataTypeTest.ShouldGetHl7TypeName" executed="True" result="Success" success="True" time="0.000" asserts="2" />
                          <test-case name="Ca.Infoway.Messagebuilder.Datatype.StandardDataTypeTest.ShouldGetRootName" executed="True" result="Success" success="True" time="0.000" asserts="2" />
                          <test-case name="Ca.Infoway.Messagebuilder.Datatype.StandardDataTypeTest.ShouldResolveSimpleXmlType" executed="True" result="Success" success="True" time="0.016" asserts="2" />
                        </results>
                      </test-suite>
                    </results>
                  </test-suite>
                  <test-suite type="Namespace" name="Domainvalue" executed="True" result="Success" success="True" time="0.000" asserts="0">
                    <results>
                      <test-suite type="Namespace" name="Util" executed="True" result="Success" success="True" time="0.000" asserts="0">
                        <results>
                          <test-suite type="TestFixture" name="DescribableUtilTest" executed="True" result="Success" success="True" time="0.000" asserts="0">
                            <results>
                              <test-case name="Ca.Infoway.Messagebuilder.Domainvalue.Util.DescribableUtilTest.TestShouldConvertEnumLikeStrings" executed="True" result="Success" success="True" time="0.000" asserts="1" />
                              <test-case name="Ca.Infoway.Messagebuilder.Domainvalue.Util.DescribableUtilTest.TestShouldHandleEmptyString" executed="True" result="Success" success="True" time="0.000" asserts="1" />
                              <test-case name="Ca.Infoway.Messagebuilder.Domainvalue.Util.DescribableUtilTest.TestShouldHandleNull" executed="True" result="Success" success="True" time="0.000" asserts="1" />
                            </results>
                          </test-suite>
                        </results>
                      </test-suite>
                    </results>
                  </test-suite>
                  <test-suite type="Namespace" name="Lang" executed="True" result="Success" success="True" time="0.000" asserts="0">
                    <results>
                      <test-suite type="TestFixture" name="GenericsTest" executed="True" result="Success" success="True" time="0.000" asserts="0">
                        <results>
                          <test-case name="Ca.Infoway.Messagebuilder.Lang.GenericsTest.TestGetParameterType" executed="True" result="Success" success="True" time="0.000" asserts="1" />
                          <test-case name="Ca.Infoway.Messagebuilder.Lang.GenericsTest.TestIsCollection" executed="True" result="Success" success="True" time="0.000" asserts="1" />
                        </results>
                      </test-suite>
                    </results>
                  </test-suite>
                  <test-suite type="Namespace" name="Marshalling" executed="True" result="Success" success="True" time="29.609" asserts="0">
                    <results>
                      <test-suite type="TestFixture" name="BeanUtilTest" executed="True" result="Success" success="True" time="0.047" asserts="0">
                        <results>
                          <test-case name="Ca.Infoway.Messagebuilder.Marshalling.BeanUtilTest.ShouldHandleComplexPath" executed="True" result="Success" success="True" time="0.031" asserts="1" />
                          <test-case name="Ca.Infoway.Messagebuilder.Marshalling.BeanUtilTest.ShouldHandleComplexPathEndingInNullProperty" executed="True" result="Success" success="True" time="0.000" asserts="1" />
                          <test-case name="Ca.Infoway.Messagebuilder.Marshalling.BeanUtilTest.ShouldHandleComplexPathWithoutMessageBean" executed="True" result="Success" success="True" time="0.000" asserts="1" />
                          <test-case name="Ca.Infoway.Messagebuilder.Marshalling.BeanUtilTest.ShouldHandleEmptyPath" executed="True" result="Success" success="True" time="0.000" asserts="1" />
                          <test-case name="Ca.Infoway.Messagebuilder.Marshalling.BeanUtilTest.ShouldHandleMassageBeanOnlyPath" executed="True" result="Success" success="True" time="0.000" asserts="1" />
                          <test-case name="Ca.Infoway.Messagebuilder.Marshalling.BeanUtilTest.ShouldHandleNullBean" executed="True" result="Success" success="True" time="0.000" asserts="1" />
                          <test-case name="Ca.Infoway.Messagebuilder.Marshalling.BeanUtilTest.ShouldHandleNullPath" executed="True" result="Success" success="True" time="0.000" asserts="1" />
                          <test-case name="Ca.Infoway.Messagebuilder.Marshalling.BeanUtilTest.ShouldHandlePathNotFound" executed="True" result="Success" success="True" time="0.000" asserts="1" />
                          <test-case name="Ca.Infoway.Messagebuilder.Marshalling.BeanUtilTest.ShouldHandleSimplePath" executed="True" result="Success" success="True" time="0.000" asserts="1" />
                        </results>
                      </test-suite>
                      <test-suite type="TestFixture" name="BeanWrapperTest" executed="True" result="Success" success="True" time="0.484" asserts="0">
                        <results>
                          <test-case name="Ca.Infoway.Messagebuilder.Marshalling.BeanWrapperTest.ShouldCopyOriginalTextFromCVImplObjectToBean" executed="True" result="Success" success="True" time="0.453" asserts="1" />
                          <test-case name="Ca.Infoway.Messagebuilder.Marshalling.BeanWrapperTest.ShouldWriteMultipleCardinalityAttribute" executed="True" result="Success" success="True" time="0.016" asserts="1" />
                          <test-case name="Ca.Infoway.Messagebuilder.Marshalling.BeanWrapperTest.ShouldWriteNullFlavorOnCollapsedAssociation" executed="True" result="Success" success="True" time="0.000" asserts="1" />
                          <test-case name="Ca.Infoway.Messagebuilder.Marshalling.BeanWrapperTest.ShouldWriteSimpleAssociation" executed="True" result="Success" success="True" time="0.016" asserts="1" />
                          <test-case name="Ca.Infoway.Messagebuilder.Marshalling.BeanWrapperTest.ShouldWriteSimpleAttribute" executed="True" result="Success" success="True" time="0.000" asserts="1" />
                        </results>
                      </test-suite>
                      <test-suite type="TestFixture" name="BridgeFactoryImplTest" executed="True" result="Success" success="True" time="2.078" asserts="0">
                        <results>
                          <test-case name="Ca.Infoway.Messagebuilder.Marshalling.BridgeFactoryImplTest.ShouldHandleCollapsedTypesWithOuterMultipleCardinality" executed="True" result="Success" success="True" time="0.047" asserts="9" />
                          <test-case name="Ca.Infoway.Messagebuilder.Marshalling.BridgeFactoryImplTest.ShouldHandleCollapsedTypesWithOuterMultipleCardinalityAndSeveralLevelsOfCollapsing" executed="True" result="Success" success="True" time="0.000" asserts="5" />
                          <test-case name="Ca.Infoway.Messagebuilder.Marshalling.BridgeFactoryImplTest.ShouldHandleSimpleCollapsedTypes" executed="True" result="Success" success="True" time="2.016" asserts="7" />
                          <test-case name="Ca.Infoway.Messagebuilder.Marshalling.BridgeFactoryImplTest.ShouldProcessInteraction" executed="True" result="Success" success="True" time="0.016" asserts="1" />
                        </results>
                      </test-suite>
                      <test-suite type="Namespace" name="HL7" executed="True" result="Success" success="True" time="2.047" asserts="0">
                        <results>
                          <test-suite type="Namespace" name="Formatter" executed="True" result="Success" success="True" time="1.016" asserts="0">
                            <results>
                              <test-suite type="TestFixture" name="AbstractAttributePropertyFormatterTest" executed="True" result="Success" success="True" time="0.016" asserts="0">
                                <results>
                                  <test-case name="Ca.Infoway.Messagebuilder.Marshalling.HL7.Formatter.AbstractAttributePropertyFormatterTest.TestFormatValueIndent" executed="True" result="Success" success="True" time="0.000" asserts="3" />
                                  <test-case name="Ca.Infoway.Messagebuilder.Marshalling.HL7.Formatter.AbstractAttributePropertyFormatterTest.TestFormatValueNonNull" executed="True" result="Success" success="True" time="0.000" asserts="3" />
                                </results>
                              </test-suite>
                              <test-suite type="TestFixture" name="AbstractCerxPqPropertyFormatterTest" executed="True" result="Success" success="True" time="0.000" asserts="0">
                                <results>
                                  <test-case name="Ca.Infoway.Messagebuilder.Marshalling.HL7.Formatter.AbstractCerxPqPropertyFormatterTest.TestFormatPhysicalQuantityEmpty" executed="True" result="Success" success="True" time="0.000" asserts="3" />
                                  <test-case name="Ca.Infoway.Messagebuilder.Marshalling.HL7.Formatter.AbstractCerxPqPropertyFormatterTest.TestFormatPhysicalQuantityNull" executed="True" result="Success" success="True" time="0.000" asserts="3" />
                                  <test-case name="Ca.Infoway.Messagebuilder.Marshalling.HL7.Formatter.AbstractCerxPqPropertyFormatterTest.TestFormatPhysicalQuantityValid" executed="True" result="Success" success="True" time="0.000" asserts="5" />
                                  <test-case name="Ca.Infoway.Messagebuilder.Marshalling.HL7.Formatter.AbstractCerxPqPropertyFormatterTest.TestFormatPhysicalQuantityValueOrUnitNull" executed="True" result="Success" success="True" time="0.000" asserts="1" />
                                </results>
                              </test-suite>
                              <test-suite type="TestFixture" name="AdBasicPropertyFormatterTest" executed="True" result="Success" success="True" time="0.125" asserts="0">
                                <results>
                                  <test-case name="Ca.Infoway.Messagebuilder.Marshalling.HL7.Formatter.AdBasicPropertyFormatterTest.TestFormatAll" executed="True" result="Success" success="True" time="0.031" asserts="1" />
                                  <test-case name="Ca.Infoway.Messagebuilder.Marshalling.HL7.Formatter.AdBasicPropertyFormatterTest.TestFormatAllInvalidAddressUses" executed="True" result="Success" success="True" time="0.000" asserts="8" />
                                  <test-case name="Ca.Infoway.Messagebuilder.Marshalling.HL7.Formatter.AdBasicPropertyFormatterTest.TestFormatAllValidAddressUses" executed="True" result="Success" success="True" time="0.000" asserts="5" />
                                  <test-case name="Ca.Infoway.Messagebuilder.Marshalling.HL7.Formatter.AdBasicPropertyFormatterTest.TestFormatCity" executed="True" result="Success" success="True" time="0.000" asserts="1" />
                                  <test-case name="Ca.Infoway.Messagebuilder.Marshalling.HL7.Formatter.AdBasicPropertyFormatterTest.TestFormatCountryAsCodedString" executed="True" result="Success" success="True" time="0.016" asserts="1" />
                                  <test-case name="Ca.Infoway.Messagebuilder.Marshalling.HL7.Formatter.AdBasicPropertyFormatterTest.TestFormatCountryCode" executed="True" result="Success" success="True" time="0.000" asserts="1" />
                                  <test-case name="Ca.Infoway.Messagebuilder.Marshalling.HL7.Formatter.AdBasicPropertyFormatterTest.TestFormatCountryIsoCode" executed="True" result="Success" success="True" time="0.000" asserts="1" />
                                  <test-case name="Ca.Infoway.Messagebuilder.Marshalling.HL7.Formatter.AdBasicPropertyFormatterTest.TestFormatEmptyAddress" executed="True" result="Success" success="True" time="0.078" asserts="5" />
                                  <test-case name="Ca.Infoway.Messagebuilder.Marshalling.HL7.Formatter.AdBasicPropertyFormatterTest.TestFormatFreeformLines" executed="True" result="Success" success="True" time="0.000" asserts="2" />
                                  <test-case name="Ca.Infoway.Messagebuilder.Marshalling.HL7.Formatter.AdBasicPropertyFormatterTest.TestFormatPostalCode" executed="True" result="Success" success="True" time="0.000" asserts="1" />
                                  <test-case name="Ca.Infoway.Messagebuilder.Marshalling.HL7.Formatter.AdBasicPropertyFormatterTest.TestFormatProvince" executed="True" result="Success" success="True" time="0.000" asserts="1" />
                                  <test-case name="Ca.Infoway.Messagebuilder.Marshalling.HL7.Formatter.AdBasicPropertyFormatterTest.TestFormatValueNull" executed="True" result="Success" success="True" time="0.000" asserts="1" />
                                  <test-case name="Ca.Infoway.Messagebuilder.Marshalling.HL7.Formatter.AdBasicPropertyFormatterTest.TestNonTrivialDelimiter" executed="True" result="Success" success="True" time="0.000" asserts="1" />
                                </results>
                              </test-suite>
                              <test-suite type="TestFixture" name="AdPropertyFormatterTest" executed="True" result="Success" success="True" time="0.000" asserts="0">
                                <results>
                                  <test-case name="Ca.Infoway.Messagebuilder.Marshalling.HL7.Formatter.AdPropertyFormatterTest.TestFormatPostalAddressUses" executed="True" result="Success" success="True" time="0.000" asserts="3" />
                                  <test-case name="Ca.Infoway.Messagebuilder.Marshalling.HL7.Formatter.AdPropertyFormatterTest.TestFormatValueNonNull" executed="True" result="Success" success="True" time="0.000" asserts="1" />
                                  <test-case name="Ca.Infoway.Messagebuilder.Marshalling.HL7.Formatter.AdPropertyFormatterTest.TestFormatValueNonNullMultipleAddressParts" executed="True" result="Success" success="True" time="0.000" asserts="1" />
                                  <test-case name="Ca.Infoway.Messagebuilder.Marshalling.HL7.Formatter.AdPropertyFormatterTest.TestFormatValueNull" executed="True" result="Success" success="True" time="0.000" asserts="1" />
                                  <test-case name="Ca.Infoway.Messagebuilder.Marshalling.HL7.Formatter.AdPropertyFormatterTest.TestFormatValueReservedXmlChars" executed="True" result="Success" success="True" time="0.000" asserts="1" />
                                </results>
                              </test-suite>
                              <test-suite type="TestFixture" name="AnyPropertyFormatterTest" executed="True" result="Success" success="True" time="0.047" asserts="0">
                                <results>
                                  <test-case name="Ca.Infoway.Messagebuilder.Marshalling.HL7.Formatter.AnyPropertyFormatterTest.TestBasic" executed="True" result="Success" success="True" time="0.047" asserts="1" />
                                  <test-case name="Ca.Infoway.Messagebuilder.Marshalling.HL7.Formatter.AnyPropertyFormatterTest.TestNullCase" executed="True" result="Success" success="True" time="0.000" asserts="1" />
                                </results>
                              </test-suite>
                              <test-suite type="TestFixture" name="BagPropertyFormatterTest" executed="True" result="Success" success="True" time="0.000" asserts="0">
                                <results>
                                  <test-case name="Ca.Infoway.Messagebuilder.Marshalling.HL7.Formatter.BagPropertyFormatterTest.TestFormatValueNonNull" executed="True" result="Success" success="True" time="0.000" asserts="1" />
                                  <test-case name="Ca.Infoway.Messagebuilder.Marshalling.HL7.Formatter.BagPropertyFormatterTest.TestFormatValueNull" executed="True" result="Success" success="True" time="0.000" asserts="1" />
                                </results>
                              </test-suite>
                              <test-suite type="TestFixture" name="BlPropertyFormatterTest" executed="True" result="Success" success="True" time="0.000" asserts="0">
                                <results>
                                  <test-case name="Ca.Infoway.Messagebuilder.Marshalling.HL7.Formatter.BlPropertyFormatterTest.TestGetAttributeNameValuePairsBooleanFalse" executed="True" result="Success" success="True" time="0.000" asserts="3" />
                                  <test-case name="Ca.Infoway.Messagebuilder.Marshalling.HL7.Formatter.BlPropertyFormatterTest.TestGetAttributeNameValuePairsBooleanTrue" executed="True" result="Success" success="True" time="0.000" asserts="3" />
                                  <test-case name="Ca.Infoway.Messagebuilder.Marshalling.HL7.Formatter.BlPropertyFormatterTest.TestGetAttributeNameValuePairsNullValue" executed="True" result="Success" success="True" time="0.000" asserts="3" />
                                </results>
                              </test-suite>
                              <test-suite type="TestFixture" name="CdPropertyFormatterTest" executed="True" result="Success" success="True" time="0.031" asserts="0">
                                <results>
                                  <test-case name="Ca.Infoway.Messagebuilder.Marshalling.HL7.Formatter.CdPropertyFormatterTest.TestGetAttributeNameValuePairs" executed="True" result="Success" success="True" time="0.000" asserts="3" />
                                  <test-case name="Ca.Infoway.Messagebuilder.Marshalling.HL7.Formatter.CdPropertyFormatterTest.TestGetAttributeNameValuePairsNullValue" executed="True" result="Success" success="True" time="0.000" asserts="1" />
                                  <test-case name="Ca.Infoway.Messagebuilder.Marshalling.HL7.Formatter.CdPropertyFormatterTest.TestHandlingOfSimpleCodes" executed="True" result="Success" success="True" time="0.000" asserts="1" />
                                  <test-case name="Ca.Infoway.Messagebuilder.Marshalling.HL7.Formatter.CdPropertyFormatterTest.TestHandlingOfTrivialCodes" executed="True" result="Success" success="True" time="0.000" asserts="1" />
                                  <test-case name="Ca.Infoway.Messagebuilder.Marshalling.HL7.Formatter.CdPropertyFormatterTest.TestMultipleTranslations" executed="True" result="Success" success="True" time="0.000" asserts="1" />
                                  <test-case name="Ca.Infoway.Messagebuilder.Marshalling.HL7.Formatter.CdPropertyFormatterTest.TestNoInternalValuesAndMandatory" executed="False" result="Ignored">
                                    <reason>
                                      <message><![CDATA[]]></message>
                                    </reason>
                                  </test-case>
                                  <test-case name="Ca.Infoway.Messagebuilder.Marshalling.HL7.Formatter.CdPropertyFormatterTest.TestNoValueAndMandatory" executed="True" result="Success" success="True" time="0.000" asserts="1" />
                                  <test-case name="Ca.Infoway.Messagebuilder.Marshalling.HL7.Formatter.CdPropertyFormatterTest.TestNoValueAndOptional" executed="True" result="Success" success="True" time="0.000" asserts="1" />
                                  <test-case name="Ca.Infoway.Messagebuilder.Marshalling.HL7.Formatter.CdPropertyFormatterTest.TestOriginalText" executed="True" result="Success" success="True" time="0.000" asserts="1" />
                                  <test-case name="Ca.Infoway.Messagebuilder.Marshalling.HL7.Formatter.CdPropertyFormatterTest.TestOriginalTextAndNullFlavor" executed="True" result="Success" success="True" time="0.000" asserts="1" />
                                  <test-case name="Ca.Infoway.Messagebuilder.Marshalling.HL7.Formatter.CdPropertyFormatterTest.TestSingleTranslation" executed="True" result="Success" success="True" time="0.000" asserts="1" />
                                </results>
                              </test-suite>
                              <test-suite type="TestFixture" name="CsPropertyFormatterTest" executed="True" result="Success" success="True" time="0.031" asserts="0">
                                <results>
                                  <test-case name="Ca.Infoway.Messagebuilder.Marshalling.HL7.Formatter.CsPropertyFormatterTest.TestFormatNull" executed="True" result="Success" success="True" time="0.016" asserts="3" />
                                  <test-case name="Ca.Infoway.Messagebuilder.Marshalling.HL7.Formatter.CsPropertyFormatterTest.TestFormatNullWithCodeSystem" executed="True" result="Success" success="True" time="0.000" asserts="3" />
                                  <test-case name="Ca.Infoway.Messagebuilder.Marshalling.HL7.Formatter.CsPropertyFormatterTest.TestGetAttributeNameValuePairsEnum" executed="True" result="Success" success="True" time="0.000" asserts="3" />
                                  <test-case name="Ca.Infoway.Messagebuilder.Marshalling.HL7.Formatter.CsPropertyFormatterTest.TestGetAttributeNameValuePairsNullValue" executed="True" result="Success" success="True" time="0.000" asserts="1" />
                                  <test-case name="Ca.Infoway.Messagebuilder.Marshalling.HL7.Formatter.CsPropertyFormatterTest.TestGetAttributeNameValuePairsWithOriginalText" executed="True" result="Success" success="True" time="0.000" asserts="1" />
                                  <test-case name="Ca.Infoway.Messagebuilder.Marshalling.HL7.Formatter.CsPropertyFormatterTest.TestGetAttributeNameValuePairsWithoutCodeSystem" executed="True" result="Success" success="True" time="0.000" asserts="2" />
                                </results>
                              </test-suite>
                              <test-suite type="TestFixture" name="CvPropertyFormatterTest" executed="True" result="Success" success="True" time="0.016" asserts="0">
                                <results>
                                  <test-case name="Ca.Infoway.Messagebuilder.Marshalling.HL7.Formatter.CvPropertyFormatterTest.TestGetAttributeNameValuePairs" executed="True" result="Success" success="True" time="0.000" asserts="3" />
                                  <test-case name="Ca.Infoway.Messagebuilder.Marshalling.HL7.Formatter.CvPropertyFormatterTest.TestGetAttributeNameValuePairsNullValue" executed="True" result="Success" success="True" time="0.000" asserts="1" />
                                  <test-case name="Ca.Infoway.Messagebuilder.Marshalling.HL7.Formatter.CvPropertyFormatterTest.TestHandlingOfSimpleCodes" executed="True" result="Success" success="True" time="0.000" asserts="1" />
                                  <test-case name="Ca.Infoway.Messagebuilder.Marshalling.HL7.Formatter.CvPropertyFormatterTest.TestHandlingOfTrivialCodes" executed="True" result="Success" success="True" time="0.000" asserts="1" />
                                  <test-case name="Ca.Infoway.Messagebuilder.Marshalling.HL7.Formatter.CvPropertyFormatterTest.TestNoValueAndMandatory" executed="True" result="Success" success="True" time="0.000" asserts="1" />
                                  <test-case name="Ca.Infoway.Messagebuilder.Marshalling.HL7.Formatter.CvPropertyFormatterTest.TestNoValueAndOptional" executed="True" result="Success" success="True" time="0.000" asserts="1" />
                                  <test-case name="Ca.Infoway.Messagebuilder.Marshalling.HL7.Formatter.CvPropertyFormatterTest.TestOriginalText" executed="True" result="Success" success="True" time="0.000" asserts="1" />
                                  <test-case name="Ca.Infoway.Messagebuilder.Marshalling.HL7.Formatter.CvPropertyFormatterTest.TestOriginalTextAndNullFlavor" executed="True" result="Success" success="True" time="0.000" asserts="1" />
                                </results>
                              </test-suite>
                              <test-suite type="TestFixture" name="EdPropertyFormatterTest" executed="True" result="Success" success="True" time="0.109" asserts="0">
                                <results>
                                  <test-case name="Ca.Infoway.Messagebuilder.Marshalling.HL7.Formatter.EdPropertyFormatterTest.TestFormatValueCompressedTextData" executed="True" result="Success" success="True" time="0.078" asserts="2" />
                                  <test-case name="Ca.Infoway.Messagebuilder.Marshalling.HL7.Formatter.EdPropertyFormatterTest.TestFormatValueCompressedXmlData" executed="True" result="Success" success="True" time="0.000" asserts="2" />
                                  <test-case name="Ca.Infoway.Messagebuilder.Marshalling.HL7.Formatter.EdPropertyFormatterTest.TestFormatValueCompressedXmlDataEmptyContent" executed="True" result="Success" success="True" time="0.000" asserts="2" />
                                  <test-case name="Ca.Infoway.Messagebuilder.Marshalling.HL7.Formatter.EdPropertyFormatterTest.TestFormatValueCompressedXmlDataNullContent" executed="True" result="Success" success="True" time="0.000" asserts="1" />
                                  <test-case name="Ca.Infoway.Messagebuilder.Marshalling.HL7.Formatter.EdPropertyFormatterTest.TestFormatValueNonNull" executed="True" result="Success" success="True" time="0.000" asserts="1" />
                                  <test-case name="Ca.Infoway.Messagebuilder.Marshalling.HL7.Formatter.EdPropertyFormatterTest.TestFormatValueNull" executed="True" result="Success" success="True" time="0.000" asserts="1" />
                                  <test-case name="Ca.Infoway.Messagebuilder.Marshalling.HL7.Formatter.EdPropertyFormatterTest.TestFormatValueReservedXmlChars" executed="True" result="Success" success="True" time="0.000" asserts="1" />
                                  <test-case name="Ca.Infoway.Messagebuilder.Marshalling.HL7.Formatter.EdPropertyFormatterTest.TestFormatValueWithNoMediaType" executed="True" result="Success" success="True" time="0.000" asserts="1" />
                                  <test-case name="Ca.Infoway.Messagebuilder.Marshalling.HL7.Formatter.EdPropertyFormatterTest.TestReferenceForSKBug" executed="True" result="Success" success="True" time="0.000" asserts="1" />
                                </results>
                              </test-suite>
                              <test-suite type="TestFixture" name="EdSignaturePropertyFormatterTest" executed="True" result="Success" success="True" time="0.000" asserts="0">
                                <results>
                                  <test-case name="Ca.Infoway.Messagebuilder.Marshalling.HL7.Formatter.EdSignaturePropertyFormatterTest.TestFormatValueNonNull" executed="True" result="Success" success="True" time="0.000" asserts="1" />
                                  <test-case name="Ca.Infoway.Messagebuilder.Marshalling.HL7.Formatter.EdSignaturePropertyFormatterTest.TestFormatValueNull" executed="True" result="Success" success="True" time="0.000" asserts="1" />
                                  <test-case name="Ca.Infoway.Messagebuilder.Marshalling.HL7.Formatter.EdSignaturePropertyFormatterTest.TestFormatValueNullWithConformanceOptional" executed="True" result="Success" success="True" time="0.000" asserts="1" />
                                </results>
                              </test-suite>
                              <test-suite type="TestFixture" name="EnPropertyFormatterTest" executed="True" result="Success" success="True" time="0.016" asserts="0">
                                <results>
                                  <test-case name="Ca.Infoway.Messagebuilder.Marshalling.HL7.Formatter.EnPropertyFormatterTest.TestEnPropertyFormatterWhenConformanceLevelIsNotSpecified" executed="True" result="Success" success="True" time="0.000" asserts="1" />
                                  <test-case name="Ca.Infoway.Messagebuilder.Marshalling.HL7.Formatter.EnPropertyFormatterTest.TestFormatValueOrganizationName" executed="True" result="Success" success="True" time="0.016" asserts="1" />
                                  <test-case name="Ca.Infoway.Messagebuilder.Marshalling.HL7.Formatter.EnPropertyFormatterTest.TestFormatValuePersonName" executed="True" result="Success" success="True" time="0.000" asserts="1" />
                                  <test-case name="Ca.Infoway.Messagebuilder.Marshalling.HL7.Formatter.EnPropertyFormatterTest.TestFormatValueTrivialName" executed="True" result="Success" success="True" time="0.000" asserts="1" />
                                </results>
                              </test-suite>
                              <test-suite type="TestFixture" name="FormatterRegistryTest" executed="True" result="Success" success="True" time="0.125" asserts="0">
                                <results>
                                  <test-case name="Ca.Infoway.Messagebuilder.Marshalling.HL7.Formatter.FormatterRegistryTest.TestAllFormattersAreRegistered" executed="True" result="Success" success="True" time="0.109" asserts="58" />
                                  <test-case name="Ca.Infoway.Messagebuilder.Marshalling.HL7.Formatter.FormatterRegistryTest.TestShouldFindListIiOidFormatter" executed="True" result="Success" success="True" time="0.000" asserts="1" />
                                </results>
                              </test-suite>
                              <test-suite type="TestFixture" name="IiPropertyFormatterTest" executed="True" result="Success" success="True" time="0.016" asserts="0">
                                <results>
                                  <test-case name="Ca.Infoway.Messagebuilder.Marshalling.HL7.Formatter.IiPropertyFormatterTest.TestGetAttributeNameValuePairsAllFilledIn" executed="True" result="Success" success="True" time="0.000" asserts="5" />
                                  <test-case name="Ca.Infoway.Messagebuilder.Marshalling.HL7.Formatter.IiPropertyFormatterTest.TestGetAttributeNameValuePairsAllFilledInExcludingSpecializationTypeForAB" executed="True" result="Success" success="True" time="0.000" asserts="5" />
                                  <test-case name="Ca.Infoway.Messagebuilder.Marshalling.HL7.Formatter.IiPropertyFormatterTest.TestGetAttributeNameValuePairsAllFilledInExcludingSpecializationTypeForCeRx" executed="True" result="Success" success="True" time="0.000" asserts="5" />
                                  <test-case name="Ca.Infoway.Messagebuilder.Marshalling.HL7.Formatter.IiPropertyFormatterTest.TestGetAttributeNameValuePairsAllFilledInForIiPublicInMr2007" executed="True" result="Success" success="True" time="0.000" asserts="7" />
                                  <test-case name="Ca.Infoway.Messagebuilder.Marshalling.HL7.Formatter.IiPropertyFormatterTest.TestGetAttributeNameValuePairsAllFilledInForIiPublicInMr2009" executed="True" result="Success" success="True" time="0.000" asserts="9" />
                                  <test-case name="Ca.Infoway.Messagebuilder.Marshalling.HL7.Formatter.IiPropertyFormatterTest.TestGetAttributeNameValuePairsAllFilledInIncludingSpecializationType" executed="True" result="Success" success="True" time="0.000" asserts="9" />
                                  <test-case name="Ca.Infoway.Messagebuilder.Marshalling.HL7.Formatter.IiPropertyFormatterTest.TestGetAttributeNameValuePairsAllFilledInWithTypeId" executed="True" result="Success" success="True" time="0.000" asserts="5" />
                                  <test-case name="Ca.Infoway.Messagebuilder.Marshalling.HL7.Formatter.IiPropertyFormatterTest.TestGetAttributeNameValuePairsExtensionNotFilled" executed="True" result="Success" success="True" time="0.000" asserts="4" />
                                  <test-case name="Ca.Infoway.Messagebuilder.Marshalling.HL7.Formatter.IiPropertyFormatterTest.TestGetAttributeNameValuePairsRootNotFilled" executed="True" result="Success" success="True" time="0.000" asserts="1" />
                                </results>
                              </test-suite>
                              <test-suite type="TestFixture" name="IntNonNegPropertyFormatterTest" executed="True" result="Success" success="True" time="0.016" asserts="0">
                                <results>
                                  <test-case name="Ca.Infoway.Messagebuilder.Marshalling.HL7.Formatter.IntNonNegPropertyFormatterTest.TestGetAttributeNameValuePairsIntegerNegative" executed="True" result="Success" success="True" time="0.000" asserts="4" />
                                  <test-case name="Ca.Infoway.Messagebuilder.Marshalling.HL7.Formatter.IntNonNegPropertyFormatterTest.TestGetAttributeNameValuePairsIntegerValid" executed="True" result="Success" success="True" time="0.000" asserts="3" />
                                  <test-case name="Ca.Infoway.Messagebuilder.Marshalling.HL7.Formatter.IntNonNegPropertyFormatterTest.TestGetAttributeNameValuePairsIntegerZero" executed="True" result="Success" success="True" time="0.000" asserts="3" />
                                  <test-case name="Ca.Infoway.Messagebuilder.Marshalling.HL7.Formatter.IntNonNegPropertyFormatterTest.TestGetAttributeNameValuePairsIntegerZeroNoWarnings" executed="True" result="Success" success="True" time="0.000" asserts="1" />
                                  <test-case name="Ca.Infoway.Messagebuilder.Marshalling.HL7.Formatter.IntNonNegPropertyFormatterTest.TestGetAttributeNameValuePairsNullValue" executed="True" result="Success" success="True" time="0.000" asserts="3" />
                                  <test-case name="Ca.Infoway.Messagebuilder.Marshalling.HL7.Formatter.IntNonNegPropertyFormatterTest.TestNullCaseMandatory" executed="True" result="Success" success="True" time="0.000" asserts="1" />
                                  <test-case name="Ca.Infoway.Messagebuilder.Marshalling.HL7.Formatter.IntNonNegPropertyFormatterTest.TestNullCaseNotMandatory" executed="True" result="Success" success="True" time="0.000" asserts="1" />
                                  <test-case name="Ca.Infoway.Messagebuilder.Marshalling.HL7.Formatter.IntNonNegPropertyFormatterTest.TestNullCasePopulated" executed="True" result="Success" success="True" time="0.000" asserts="1" />
                                </results>
                              </test-suite>
                              <test-suite type="TestFixture" name="IntPosPropertyFormatterTest" executed="True" result="Success" success="True" time="0.016" asserts="0">
                                <results>
                                  <test-case name="Ca.Infoway.Messagebuilder.Marshalling.HL7.Formatter.IntPosPropertyFormatterTest.TestGetAttributeNameValuePairsIntegerNegative" executed="True" result="Success" success="True" time="0.000" asserts="4" />
                                  <test-case name="Ca.Infoway.Messagebuilder.Marshalling.HL7.Formatter.IntPosPropertyFormatterTest.TestGetAttributeNameValuePairsIntegerValid" executed="True" result="Success" success="True" time="0.000" asserts="3" />
                                  <test-case name="Ca.Infoway.Messagebuilder.Marshalling.HL7.Formatter.IntPosPropertyFormatterTest.TestGetAttributeNameValuePairsIntegerValidWithMaxLength" executed="True" result="Success" success="True" time="0.000" asserts="3" />
                                  <test-case name="Ca.Infoway.Messagebuilder.Marshalling.HL7.Formatter.IntPosPropertyFormatterTest.TestGetAttributeNameValuePairsIntegerZero" executed="True" result="Success" success="True" time="0.000" asserts="4" />
                                  <test-case name="Ca.Infoway.Messagebuilder.Marshalling.HL7.Formatter.IntPosPropertyFormatterTest.TestGetAttributeNameValuePairsNullValue" executed="True" result="Success" success="True" time="0.000" asserts="3" />
                                </results>
                              </test-suite>
                              <test-suite type="TestFixture" name="IvlIntPropertyFormatterTest" executed="True" result="Success" success="True" time="0.031" asserts="0">
                                <results>
                                  <test-case name="Ca.Infoway.Messagebuilder.Marshalling.HL7.Formatter.IvlIntPropertyFormatterTest.TestBasic" executed="True" result="Success" success="True" time="0.016" asserts="1" />
                                  <test-case name="Ca.Infoway.Messagebuilder.Marshalling.HL7.Formatter.IvlIntPropertyFormatterTest.TestIntervalLow" executed="True" result="Success" success="True" time="0.000" asserts="1" />
                                  <test-case name="Ca.Infoway.Messagebuilder.Marshalling.HL7.Formatter.IvlIntPropertyFormatterTest.TestIntervalWidth" executed="True" result="Success" success="True" time="0.000" asserts="1" />
                                  <test-case name="Ca.Infoway.Messagebuilder.Marshalling.HL7.Formatter.IvlIntPropertyFormatterTest.TestNullCase" executed="True" result="Success" success="True" time="0.000" asserts="1" />
                                </results>
                              </test-suite>
                              <test-suite type="TestFixture" name="IvlPqPropertyFormatterTest" executed="True" result="Success" success="True" time="0.016" asserts="0">
                                <results>
                                  <test-case name="Ca.Infoway.Messagebuilder.Marshalling.HL7.Formatter.IvlPqPropertyFormatterTest.TestBasic" executed="True" result="Success" success="True" time="0.016" asserts="1" />
                                  <test-case name="Ca.Infoway.Messagebuilder.Marshalling.HL7.Formatter.IvlPqPropertyFormatterTest.TestIntervalLow" executed="True" result="Success" success="True" time="0.000" asserts="1" />
                                  <test-case name="Ca.Infoway.Messagebuilder.Marshalling.HL7.Formatter.IvlPqPropertyFormatterTest.TestIntervalWidth" executed="True" result="Success" success="True" time="0.000" asserts="1" />
                                  <test-case name="Ca.Infoway.Messagebuilder.Marshalling.HL7.Formatter.IvlPqPropertyFormatterTest.TestNullCase" executed="True" result="Success" success="True" time="0.000" asserts="1" />
                                </results>
                              </test-suite>
                              <test-suite type="TestFixture" name="IvlTsFullDatePropertyFormatterTest" executed="True" result="Success" success="True" time="0.031" asserts="0">
                                <results>
                                  <test-case name="Ca.Infoway.Messagebuilder.Marshalling.HL7.Formatter.IvlTsFullDatePropertyFormatterTest.TestBasic" executed="True" result="Success" success="True" time="0.016" asserts="1" />
                                  <test-case name="Ca.Infoway.Messagebuilder.Marshalling.HL7.Formatter.IvlTsFullDatePropertyFormatterTest.TestBasicAbstract" executed="True" result="Success" success="True" time="0.000" asserts="1" />
                                  <test-case name="Ca.Infoway.Messagebuilder.Marshalling.HL7.Formatter.IvlTsFullDatePropertyFormatterTest.TestIntervalLow" executed="True" result="Success" success="True" time="0.000" asserts="1" />
                                  <test-case name="Ca.Infoway.Messagebuilder.Marshalling.HL7.Formatter.IvlTsFullDatePropertyFormatterTest.TestIntervalLowWidth" executed="True" result="Success" success="True" time="0.000" asserts="1" />
                                  <test-case name="Ca.Infoway.Messagebuilder.Marshalling.HL7.Formatter.IvlTsFullDatePropertyFormatterTest.TestIntervalSimple" executed="True" result="Success" success="True" time="0.000" asserts="1" />
                                  <test-case name="Ca.Infoway.Messagebuilder.Marshalling.HL7.Formatter.IvlTsFullDatePropertyFormatterTest.TestIntervalWidth" executed="True" result="Success" success="True" time="0.000" asserts="1" />
                                  <test-case name="Ca.Infoway.Messagebuilder.Marshalling.HL7.Formatter.IvlTsFullDatePropertyFormatterTest.TestIntervalWidthWithDecimals" executed="True" result="Success" success="True" time="0.000" asserts="1" />
                                  <test-case name="Ca.Infoway.Messagebuilder.Marshalling.HL7.Formatter.IvlTsFullDatePropertyFormatterTest.TestNullCase" executed="True" result="Success" success="True" time="0.000" asserts="1" />
                                </results>
                              </test-suite>
                              <test-suite type="TestFixture" name="IvlTsFullDateTimePropertyFormatterTest" executed="True" result="Success" success="True" time="0.000" asserts="0">
                                <results>
                                  <test-case name="Ca.Infoway.Messagebuilder.Marshalling.HL7.Formatter.IvlTsFullDateTimePropertyFormatterTest.TestCustomUnit" executed="True" result="Success" success="True" time="0.000" asserts="1" />
                                  <test-case name="Ca.Infoway.Messagebuilder.Marshalling.HL7.Formatter.IvlTsFullDateTimePropertyFormatterTest.TestNullable" executed="True" result="Success" success="True" time="0.000" asserts="1" />
                                </results>
                              </test-suite>
                              <test-suite type="TestFixture" name="ListEnPropertyFormatterTest" executed="True" result="Success" success="True" time="0.000" asserts="0">
                                <results>
                                  <test-case name="Ca.Infoway.Messagebuilder.Marshalling.HL7.Formatter.ListEnPropertyFormatterTest.TestFormatValueNonNull" executed="True" result="Success" success="True" time="0.000" asserts="1" />
                                  <test-case name="Ca.Infoway.Messagebuilder.Marshalling.HL7.Formatter.ListEnPropertyFormatterTest.TestFormatValueNull" executed="True" result="Success" success="True" time="0.000" asserts="1" />
                                </results>
                              </test-suite>
                              <test-suite type="TestFixture" name="ListOnPropertyFormatterTest" executed="True" result="Success" success="True" time="0.000" asserts="0">
                                <results>
                                  <test-case name="Ca.Infoway.Messagebuilder.Marshalling.HL7.Formatter.ListOnPropertyFormatterTest.TestFormatValueNonNull" executed="True" result="Success" success="True" time="0.000" asserts="1" />
                                  <test-case name="Ca.Infoway.Messagebuilder.Marshalling.HL7.Formatter.ListOnPropertyFormatterTest.TestFormatValueNull" executed="True" result="Success" success="True" time="0.000" asserts="1" />
                                  <test-case name="Ca.Infoway.Messagebuilder.Marshalling.HL7.Formatter.ListOnPropertyFormatterTest.TestFormatValueNullMandatory" executed="True" result="Success" success="True" time="0.000" asserts="1" />
                                </results>
                              </test-suite>
                              <test-suite type="TestFixture" name="ListTelPhonemailPropertyFormatterTest" executed="True" result="Success" success="True" time="0.000" asserts="0">
                                <results>
                                  <test-case name="Ca.Infoway.Messagebuilder.Marshalling.HL7.Formatter.ListTelPhonemailPropertyFormatterTest.TestFormatValueNonNull" executed="True" result="Success" success="True" time="0.000" asserts="1" />
                                  <test-case name="Ca.Infoway.Messagebuilder.Marshalling.HL7.Formatter.ListTelPhonemailPropertyFormatterTest.TestFormatValueNull" executed="True" result="Success" success="True" time="0.000" asserts="1" />
                                </results>
                              </test-suite>
                              <test-suite type="TestFixture" name="ListTelPropertyFormatterTest" executed="True" result="Success" success="True" time="0.000" asserts="0">
                                <results>
                                  <test-case name="Ca.Infoway.Messagebuilder.Marshalling.HL7.Formatter.ListTelPropertyFormatterTest.TestFormatValueNonNull" executed="True" result="Success" success="True" time="0.000" asserts="1" />
                                  <test-case name="Ca.Infoway.Messagebuilder.Marshalling.HL7.Formatter.ListTelPropertyFormatterTest.TestFormatValueNull" executed="True" result="Success" success="True" time="0.000" asserts="1" />
                                </results>
                              </test-suite>
                              <test-suite type="TestFixture" name="MoPropertyFormatterTest" executed="True" result="Success" success="True" time="0.016" asserts="0">
                                <results>
                                  <test-case name="Ca.Infoway.Messagebuilder.Marshalling.HL7.Formatter.MoPropertyFormatterTest.TestFormatValueNonNull" executed="True" result="Success" success="True" time="0.000" asserts="5" />
                                  <test-case name="Ca.Infoway.Messagebuilder.Marshalling.HL7.Formatter.MoPropertyFormatterTest.TestFormatValueNonNullMultipleNameParts" executed="True" result="Success" success="True" time="0.000" asserts="1" />
                                  <test-case name="Ca.Infoway.Messagebuilder.Marshalling.HL7.Formatter.MoPropertyFormatterTest.TestFormatValueNull" executed="True" result="Success" success="True" time="0.000" asserts="1" />
                                  <test-case name="Ca.Infoway.Messagebuilder.Marshalling.HL7.Formatter.MoPropertyFormatterTest.TestFormatValueReservedXmlChars" executed="True" result="Success" success="True" time="0.000" asserts="1" />
                                </results>
                              </test-suite>
                              <test-suite type="TestFixture" name="OnPropertyFormatterTest" executed="True" result="Success" success="True" time="0.016" asserts="0">
                                <results>
                                  <test-case name="Ca.Infoway.Messagebuilder.Marshalling.HL7.Formatter.OnPropertyFormatterTest.TestFormatValueNonNull" executed="True" result="Success" success="True" time="0.000" asserts="1" />
                                  <test-case name="Ca.Infoway.Messagebuilder.Marshalling.HL7.Formatter.OnPropertyFormatterTest.TestFormatValueNonNullMultipleNameParts" executed="True" result="Success" success="True" time="0.016" asserts="1" />
                                  <test-case name="Ca.Infoway.Messagebuilder.Marshalling.HL7.Formatter.OnPropertyFormatterTest.TestFormatValueNull" executed="True" result="Success" success="True" time="0.000" asserts="1" />
                                  <test-case name="Ca.Infoway.Messagebuilder.Marshalling.HL7.Formatter.OnPropertyFormatterTest.TestFormatValueReservedXmlChars" executed="True" result="Success" success="True" time="0.000" asserts="1" />
                                </results>
                              </test-suite>
                              <test-suite type="TestFixture" name="PnPropertyFormatterTest" executed="True" result="Success" success="True" time="0.000" asserts="0">
                                <results>
                                  <test-case name="Ca.Infoway.Messagebuilder.Marshalling.HL7.Formatter.PnPropertyFormatterTest.TestFormatValueNonNull" executed="True" result="Success" success="True" time="0.000" asserts="1" />
                                  <test-case name="Ca.Infoway.Messagebuilder.Marshalling.HL7.Formatter.PnPropertyFormatterTest.TestFormatValueNonNullMultipleNameParts" executed="True" result="Success" success="True" time="0.000" asserts="1" />
                                  <test-case name="Ca.Infoway.Messagebuilder.Marshalling.HL7.Formatter.PnPropertyFormatterTest.TestFormatValueNull" executed="True" result="Success" success="True" time="0.000" asserts="1" />
                                  <test-case name="Ca.Infoway.Messagebuilder.Marshalling.HL7.Formatter.PnPropertyFormatterTest.TestFormatValueReservedXmlChars" executed="True" result="Success" success="True" time="0.000" asserts="1" />
                                </results>
                              </test-suite>
                              <test-suite type="TestFixture" name="PqPropertyFormatterTest" executed="True" result="Success" success="True" time="0.016" asserts="0">
                                <results>
                                  <test-case name="Ca.Infoway.Messagebuilder.Marshalling.HL7.Formatter.PqPropertyFormatterTest.TestFormatNonNullWithEmptyPq" executed="True" result="Success" success="True" time="0.000" asserts="1" />
                                  <test-case name="Ca.Infoway.Messagebuilder.Marshalling.HL7.Formatter.PqPropertyFormatterTest.TestFormatPhysicalQuantityEmpty" executed="True" result="Success" success="True" time="0.000" asserts="3" />
                                  <test-case name="Ca.Infoway.Messagebuilder.Marshalling.HL7.Formatter.PqPropertyFormatterTest.TestFormatPhysicalQuantityFormatting" executed="True" result="Success" success="True" time="0.000" asserts="16" />
                                  <test-case name="Ca.Infoway.Messagebuilder.Marshalling.HL7.Formatter.PqPropertyFormatterTest.TestFormatPhysicalQuantityFormattingErrors" executed="True" result="Success" success="True" time="0.000" asserts="8" />
                                  <test-case name="Ca.Infoway.Messagebuilder.Marshalling.HL7.Formatter.PqPropertyFormatterTest.TestFormatPhysicalQuantityNull" executed="True" result="Success" success="True" time="0.000" asserts="3" />
                                  <test-case name="Ca.Infoway.Messagebuilder.Marshalling.HL7.Formatter.PqPropertyFormatterTest.TestFormatPhysicalQuantityValid" executed="True" result="Success" success="True" time="0.000" asserts="5" />
                                  <test-case name="Ca.Infoway.Messagebuilder.Marshalling.HL7.Formatter.PqPropertyFormatterTest.TestFormatPhysicalQuantityValueOrUnitNull" executed="True" result="Success" success="True" time="0.000" asserts="1" />
                                </results>
                              </test-suite>
                              <test-suite type="TestFixture" name="RealConfPropertyFormatterTest" executed="True" result="Success" success="True" time="0.016" asserts="0">
                                <results>
                                  <test-case name="Ca.Infoway.Messagebuilder.Marshalling.HL7.Formatter.RealConfPropertyFormatterTest.TestFormatCorrectly" executed="True" result="Success" success="True" time="0.000" asserts="3" />
                                  <test-case name="Ca.Infoway.Messagebuilder.Marshalling.HL7.Formatter.RealConfPropertyFormatterTest.TestGetAttributeNameValuePairsNullValue" executed="True" result="Success" success="True" time="0.000" asserts="3" />
                                  <test-case name="Ca.Infoway.Messagebuilder.Marshalling.HL7.Formatter.RealConfPropertyFormatterTest.TestRoundedToFourDecimalPlacesCieling" executed="True" result="Success" success="True" time="0.000" asserts="3" />
                                  <test-case name="Ca.Infoway.Messagebuilder.Marshalling.HL7.Formatter.RealConfPropertyFormatterTest.TestRoundedToFourDecimalPlacesFloor" executed="True" result="Success" success="True" time="0.000" asserts="3" />
                                  <test-case name="Ca.Infoway.Messagebuilder.Marshalling.HL7.Formatter.RealConfPropertyFormatterTest.TestValueEqualsToOne" executed="True" result="Success" success="True" time="0.016" asserts="3" />
                                  <test-case name="Ca.Infoway.Messagebuilder.Marshalling.HL7.Formatter.RealConfPropertyFormatterTest.TestValueEqualsToZero" executed="True" result="Success" success="True" time="0.000" asserts="3" />
                                  <test-case name="Ca.Infoway.Messagebuilder.Marshalling.HL7.Formatter.RealConfPropertyFormatterTest.TestValueShouldBeGreaterThanZero" executed="True" result="Success" success="True" time="0.000" asserts="1" />
                                  <test-case name="Ca.Infoway.Messagebuilder.Marshalling.HL7.Formatter.RealConfPropertyFormatterTest.TestValueShouldBeLessThanOne" executed="True" result="Success" success="True" time="0.000" asserts="1" />
                                </results>
                              </test-suite>
                              <test-suite type="TestFixture" name="RtoPqPqPropertyFormatterTest" executed="True" result="Success" success="True" time="0.000" asserts="0">
                                <results>
                                  <test-case name="Ca.Infoway.Messagebuilder.Marshalling.HL7.Formatter.RtoPqPqPropertyFormatterTest.TestBasic" executed="True" result="Success" success="True" time="0.000" asserts="1" />
                                  <test-case name="Ca.Infoway.Messagebuilder.Marshalling.HL7.Formatter.RtoPqPqPropertyFormatterTest.TestNullCase" executed="True" result="Success" success="True" time="0.000" asserts="1" />
                                </results>
                              </test-suite>
                              <test-suite type="TestFixture" name="RtoQtyQtyPropertyFormatterTest" executed="True" result="Success" success="True" time="0.000" asserts="0">
                                <results>
                                  <test-case name="Ca.Infoway.Messagebuilder.Marshalling.HL7.Formatter.RtoQtyQtyPropertyFormatterTest.TestBasic" executed="True" result="Success" success="True" time="0.000" asserts="1" />
                                  <test-case name="Ca.Infoway.Messagebuilder.Marshalling.HL7.Formatter.RtoQtyQtyPropertyFormatterTest.TestNullCase" executed="True" result="Success" success="True" time="0.000" asserts="1" />
                                </results>
                              </test-suite>
                              <test-suite type="TestFixture" name="ScPropertyFormatterTest" executed="True" result="Success" success="True" time="0.000" asserts="0">
                                <results>
                                  <test-case name="Ca.Infoway.Messagebuilder.Marshalling.HL7.Formatter.ScPropertyFormatterTest.TestFormatValueCode" executed="True" result="Success" success="True" time="0.000" asserts="1" />
                                  <test-case name="Ca.Infoway.Messagebuilder.Marshalling.HL7.Formatter.ScPropertyFormatterTest.TestFormatValueNull" executed="True" result="Success" success="True" time="0.000" asserts="1" />
                                  <test-case name="Ca.Infoway.Messagebuilder.Marshalling.HL7.Formatter.ScPropertyFormatterTest.TestFormatValueNullCode" executed="True" result="Success" success="True" time="0.000" asserts="1" />
                                  <test-case name="Ca.Infoway.Messagebuilder.Marshalling.HL7.Formatter.ScPropertyFormatterTest.TestFormatValueReservedXmlChars" executed="True" result="Success" success="True" time="0.000" asserts="1" />
                                </results>
                              </test-suite>
                              <test-suite type="TestFixture" name="SetCdPropertyFormatterTest" executed="True" result="Success" success="True" time="0.047" asserts="0">
                                <results>
                                  <test-case name="Ca.Infoway.Messagebuilder.Marshalling.HL7.Formatter.SetCdPropertyFormatterTest.TestFormatValueEmptySet" executed="True" result="Success" success="True" time="0.000" asserts="1" />
                                  <test-case name="Ca.Infoway.Messagebuilder.Marshalling.HL7.Formatter.SetCdPropertyFormatterTest.TestFormatValueNonNull" executed="True" result="Success" success="True" time="0.016" asserts="1" />
                                  <test-case name="Ca.Infoway.Messagebuilder.Marshalling.HL7.Formatter.SetCdPropertyFormatterTest.TestFormatValueNull" executed="True" result="Success" success="True" time="0.000" asserts="1" />
                                  <test-case name="Ca.Infoway.Messagebuilder.Marshalling.HL7.Formatter.SetCdPropertyFormatterTest.TestFormatValueNullNotMandatory" executed="True" result="Success" success="True" time="0.000" asserts="1" />
                                </results>
                              </test-suite>
                              <test-suite type="TestFixture" name="SetCePropertyFormatterTest" executed="True" result="Success" success="True" time="0.000" asserts="0">
                                <results>
                                  <test-case name="Ca.Infoway.Messagebuilder.Marshalling.HL7.Formatter.SetCePropertyFormatterTest.TestFormatValueNonNull" executed="True" result="Success" success="True" time="0.000" asserts="1" />
                                  <test-case name="Ca.Infoway.Messagebuilder.Marshalling.HL7.Formatter.SetCePropertyFormatterTest.TestFormatValueNull" executed="True" result="Success" success="True" time="0.000" asserts="1" />
                                </results>
                              </test-suite>
                              <test-suite type="TestFixture" name="SetCsPropertyFormatterTest" executed="True" result="Success" success="True" time="0.016" asserts="0">
                                <results>
                                  <test-case name="Ca.Infoway.Messagebuilder.Marshalling.HL7.Formatter.SetCsPropertyFormatterTest.TestFormatValueNonNull" executed="True" result="Success" success="True" time="0.000" asserts="1" />
                                  <test-case name="Ca.Infoway.Messagebuilder.Marshalling.HL7.Formatter.SetCsPropertyFormatterTest.TestFormatValueNull" executed="True" result="Success" success="True" time="0.000" asserts="1" />
                                </results>
                              </test-suite>
                              <test-suite type="TestFixture" name="SetCvPropertyFormatterTest" executed="True" result="Success" success="True" time="0.000" asserts="0">
                                <results>
                                  <test-case name="Ca.Infoway.Messagebuilder.Marshalling.HL7.Formatter.SetCvPropertyFormatterTest.TestFormatValueNonNull" executed="True" result="Success" success="True" time="0.000" asserts="1" />
                                  <test-case name="Ca.Infoway.Messagebuilder.Marshalling.HL7.Formatter.SetCvPropertyFormatterTest.TestFormatValueNull" executed="True" result="Success" success="True" time="0.000" asserts="1" />
                                </results>
                              </test-suite>
                              <test-suite type="TestFixture" name="SetStringPropertyFormatterTest" executed="True" result="Success" success="True" time="0.000" asserts="0">
                                <results>
                                  <test-case name="Ca.Infoway.Messagebuilder.Marshalling.HL7.Formatter.SetStringPropertyFormatterTest.TestFormatValueNonNull" executed="True" result="Success" success="True" time="0.000" asserts="1" />
                                  <test-case name="Ca.Infoway.Messagebuilder.Marshalling.HL7.Formatter.SetStringPropertyFormatterTest.TestFormatValueNull" executed="True" result="Success" success="True" time="0.000" asserts="1" />
                                </results>
                              </test-suite>
                              <test-suite type="TestFixture" name="SetTelPhonemailPropertyFormatterTest" executed="True" result="Success" success="True" time="0.000" asserts="0">
                                <results>
                                  <test-case name="Ca.Infoway.Messagebuilder.Marshalling.HL7.Formatter.SetTelPhonemailPropertyFormatterTest.TestFormatValueNonNull" executed="True" result="Success" success="True" time="0.000" asserts="1" />
                                  <test-case name="Ca.Infoway.Messagebuilder.Marshalling.HL7.Formatter.SetTelPhonemailPropertyFormatterTest.TestFormatValueNull" executed="True" result="Success" success="True" time="0.000" asserts="1" />
                                </results>
                              </test-suite>
                              <test-suite type="TestFixture" name="SetTsPropertyFormatterTest" executed="True" result="Success" success="True" time="0.016" asserts="0">
                                <results>
                                  <test-case name="Ca.Infoway.Messagebuilder.Marshalling.HL7.Formatter.SetTsPropertyFormatterTest.TestFormatValueNonNull" executed="True" result="Success" success="True" time="0.016" asserts="1" />
                                  <test-case name="Ca.Infoway.Messagebuilder.Marshalling.HL7.Formatter.SetTsPropertyFormatterTest.TestFormatValueNull" executed="True" result="Success" success="True" time="0.000" asserts="1" />
                                </results>
                              </test-suite>
                              <test-suite type="TestFixture" name="StPropertyFormatterTest" executed="True" result="Success" success="True" time="0.016" asserts="0">
                                <results>
                                  <test-case name="Ca.Infoway.Messagebuilder.Marshalling.HL7.Formatter.StPropertyFormatterTest.TestFormatValueNonNull" executed="True" result="Success" success="True" time="0.000" asserts="1" />
                                  <test-case name="Ca.Infoway.Messagebuilder.Marshalling.HL7.Formatter.StPropertyFormatterTest.TestFormatValueNonNullWithLanguage" executed="True" result="Success" success="True" time="0.000" asserts="1" />
                                  <test-case name="Ca.Infoway.Messagebuilder.Marshalling.HL7.Formatter.StPropertyFormatterTest.TestFormatValueNull" executed="True" result="Success" success="True" time="0.000" asserts="1" />
                                  <test-case name="Ca.Infoway.Messagebuilder.Marshalling.HL7.Formatter.StPropertyFormatterTest.TestFormatValueReservedXmlChars" executed="True" result="Success" success="True" time="0.000" asserts="1" />
                                </results>
                              </test-suite>
                              <test-suite type="TestFixture" name="TelPhonemailPropertyFormatterTest" executed="True" result="Success" success="True" time="0.016" asserts="0">
                                <results>
                                  <test-case name="Ca.Infoway.Messagebuilder.Marshalling.HL7.Formatter.TelPhonemailPropertyFormatterTest.TestGetAttributeNameValuePairsAllInvalidAddressUses" executed="True" result="Success" success="True" time="0.000" asserts="6" />
                                  <test-case name="Ca.Infoway.Messagebuilder.Marshalling.HL7.Formatter.TelPhonemailPropertyFormatterTest.TestGetAttributeNameValuePairsAllInvalidSchemes" executed="True" result="Success" success="True" time="0.000" asserts="8" />
                                  <test-case name="Ca.Infoway.Messagebuilder.Marshalling.HL7.Formatter.TelPhonemailPropertyFormatterTest.TestGetAttributeNameValuePairsAllValidAddressUses" executed="True" result="Success" success="True" time="0.000" asserts="18" />
                                  <test-case name="Ca.Infoway.Messagebuilder.Marshalling.HL7.Formatter.TelPhonemailPropertyFormatterTest.TestGetAttributeNameValuePairsIncludeUses" executed="True" result="Success" success="True" time="0.000" asserts="9" />
                                  <test-case name="Ca.Infoway.Messagebuilder.Marshalling.HL7.Formatter.TelPhonemailPropertyFormatterTest.TestGetAttributeNameValuePairsNullValue" executed="True" result="Success" success="True" time="0.000" asserts="3" />
                                  <test-case name="Ca.Infoway.Messagebuilder.Marshalling.HL7.Formatter.TelPhonemailPropertyFormatterTest.TestGetAttributeNameValuePairsPhonemailAllValidSchemes" executed="True" result="Success" success="True" time="0.000" asserts="9" />
                                  <test-case name="Ca.Infoway.Messagebuilder.Marshalling.HL7.Formatter.TelPhonemailPropertyFormatterTest.TestGetAttributeNameValuePairsTelPhonemailValid" executed="True" result="Success" success="True" time="0.000" asserts="3" />
                                </results>
                              </test-suite>
                              <test-suite type="TestFixture" name="TelUriPropertyFormatterTest" executed="True" result="Success" success="True" time="0.016" asserts="0">
                                <results>
                                  <test-case name="Ca.Infoway.Messagebuilder.Marshalling.HL7.Formatter.TelUriPropertyFormatterTest.TestGetAttributeNameValuePairsAllInvalidUris" executed="True" result="Success" success="True" time="0.000" asserts="5" />
                                  <test-case name="Ca.Infoway.Messagebuilder.Marshalling.HL7.Formatter.TelUriPropertyFormatterTest.TestGetAttributeNameValuePairsNullValue" executed="True" result="Success" success="True" time="0.000" asserts="3" />
                                  <test-case name="Ca.Infoway.Messagebuilder.Marshalling.HL7.Formatter.TelUriPropertyFormatterTest.TestGetAttributeNameValuePairsTelAllValidUris" executed="True" result="Success" success="True" time="0.000" asserts="18" />
                                  <test-case name="Ca.Infoway.Messagebuilder.Marshalling.HL7.Formatter.TelUriPropertyFormatterTest.TestGetAttributeNameValuePairsTelUriValid" executed="True" result="Success" success="True" time="0.000" asserts="3" />
                                </results>
                              </test-suite>
                              <test-suite type="TestFixture" name="TnPropertyFormatterTest" executed="True" result="Success" success="True" time="0.000" asserts="0">
                                <results>
                                  <test-case name="Ca.Infoway.Messagebuilder.Marshalling.HL7.Formatter.TnPropertyFormatterTest.TestFormatNameUses" executed="True" result="Success" success="True" time="0.000" asserts="3" />
                                  <test-case name="Ca.Infoway.Messagebuilder.Marshalling.HL7.Formatter.TnPropertyFormatterTest.TestFormatValueNonNull" executed="True" result="Success" success="True" time="0.000" asserts="1" />
                                  <test-case name="Ca.Infoway.Messagebuilder.Marshalling.HL7.Formatter.TnPropertyFormatterTest.TestFormatValueNull" executed="True" result="Success" success="True" time="0.000" asserts="1" />
                                  <test-case name="Ca.Infoway.Messagebuilder.Marshalling.HL7.Formatter.TnPropertyFormatterTest.TestFormatValueReservedXmlChars" executed="True" result="Success" success="True" time="0.000" asserts="1" />
                                </results>
                              </test-suite>
                              <test-suite type="TestFixture" name="TsFullDatePropertyFormatterTest" executed="True" result="Success" success="True" time="0.000" asserts="0">
                                <results>
                                  <test-case name="Ca.Infoway.Messagebuilder.Marshalling.HL7.Formatter.TsFullDatePropertyFormatterTest.TestGetAttributeNameValuePairsDate" executed="True" result="Success" success="True" time="0.000" asserts="3" />
                                  <test-case name="Ca.Infoway.Messagebuilder.Marshalling.HL7.Formatter.TsFullDatePropertyFormatterTest.TestGetAttributeNameValuePairsNullValue" executed="True" result="Success" success="True" time="0.000" asserts="3" />
                                </results>
                              </test-suite>
                              <test-suite type="TestFixture" name="TsFullDateTimePropertyFormatterTest" executed="True" result="Success" success="True" time="0.016" asserts="0">
                                <results>
                                  <test-case name="Ca.Infoway.Messagebuilder.Marshalling.HL7.Formatter.TsFullDateTimePropertyFormatterTest.TestDateFormatPrecedence" executed="True" result="Success" success="True" time="0.000" asserts="13" />
                                  <test-case name="Ca.Infoway.Messagebuilder.Marshalling.HL7.Formatter.TsFullDateTimePropertyFormatterTest.TestGetAttributeNameValuePairsDate" executed="True" result="Success" success="True" time="0.000" asserts="3" />
                                  <test-case name="Ca.Infoway.Messagebuilder.Marshalling.HL7.Formatter.TsFullDateTimePropertyFormatterTest.TestGetAttributeNameValuePairsDateWithDatePatternInformation" executed="True" result="Success" success="True" time="0.000" asserts="3" />
[...]
                          <test-case name="Ca.Infoway.Messagebuilder.Terminology.EnumBasedCodeResolverTest.TestEnumResolverUsingInterfaceWithCodeSystem" executed="True" result="Success" success="True" time="0.000" asserts="1" />
                        </results>
                      </test-suite>
                      <test-suite type="TestFixture" name="TrivialCodeResolverTest" executed="True" result="Success" success="True" time="0.000" asserts="0">
                        <results>
                          <test-case name="Ca.Infoway.Messagebuilder.Terminology.TrivialCodeResolverTest.TestNullCode" executed="True" result="Success" success="True" time="0.000" asserts="2" />
                          <test-case name="Ca.Infoway.Messagebuilder.Terminology.TrivialCodeResolverTest.TestResolveCodeWithCodeAndCodeSystem" executed="True" result="Success" success="True" time="0.000" asserts="2" />
                        </results>
                      </test-suite>
                    </results>
                  </test-suite>
                  <test-suite type="Namespace" name="Transport" executed="True" result="Success" success="True" time="2.156" asserts="0">
                    <results>
                      <test-suite type="Namespace" name="Mohawk" executed="True" result="Success" success="True" time="1.875" asserts="0">
                        <results>
                          <test-suite type="TestFixture" name="Hl7MessageExtractorTest" executed="True" result="Success" success="True" time="0.109" asserts="0">
                            <results>
                              <test-case name="Ca.Infoway.Messagebuilder.Transport.Mohawk.Hl7MessageExtractorTest.ShouldExtractResponseMessage" executed="True" result="Success" success="True" time="0.109" asserts="2" />
                              <test-case name="Ca.Infoway.Messagebuilder.Transport.Mohawk.Hl7MessageExtractorTest.ShouldExtractResponseMessageAlt" executed="True" result="Success" success="True" time="0.000" asserts="1" />
                            </results>
                          </test-suite>
                          <test-suite type="TestFixture" name="MohawkTransportLayerTest" executed="True" result="Success" success="True" time="1.750" asserts="0">
                            <results>
                              <test-case name="Ca.Infoway.Messagebuilder.Transport.Mohawk.MohawkTransportLayerTest.ShouldMapToCorrectService" executed="True" result="Success" success="True" time="0.016" asserts="1" />
                              <test-case name="Ca.Infoway.Messagebuilder.Transport.Mohawk.MohawkTransportLayerTest.ShouldRun" executed="False" result="Ignored">
                                <reason>
                                  <message><![CDATA[]]></message>
                                </reason>
                              </test-case>
                              <test-case name="Ca.Infoway.Messagebuilder.Transport.Mohawk.MohawkTransportLayerTest.ShouldThrowExceptionOnBadState" executed="True" result="Success" success="True" time="1.734" asserts="0" />
                              <test-case name="Ca.Infoway.Messagebuilder.Transport.Mohawk.MohawkTransportLayerTest.ShouldWrapInSoapEnvelope" executed="True" result="Success" success="True" time="0.000" asserts="1" />
                            </results>
                          </test-suite>
                        </results>
                      </test-suite>
                      <test-suite type="Namespace" name="Rest" executed="True" result="Success" success="True" time="0.266" asserts="0">
                        <results>
                          <test-suite type="TestFixture" name="RestTransportLayerTest" executed="True" result="Success" success="True" time="0.266" asserts="0">
                            <results>
                              <test-case name="Ca.Infoway.Messagebuilder.Transport.Rest.RestTransportLayerTest.ShouldSendBasicMessageToServer" executed="True" result="Success" success="True" time="0.187" asserts="0" />
                              <test-case name="Ca.Infoway.Messagebuilder.Transport.Rest.RestTransportLayerTest.TestShouldRequestUseridAndPassword" executed="True" result="Success" success="True" time="0.078" asserts="0" />
                              <test-case name="Ca.Infoway.Messagebuilder.Transport.Rest.RestTransportLayerTest.TestShouldRethrowHttpExceptions" executed="False" result="Ignored">
                                <reason>
                                  <message><![CDATA[]]></message>
                                </reason>
                              </test-case>
                              <test-case name="Ca.Infoway.Messagebuilder.Transport.Rest.RestTransportLayerTest.TestShouldThrowExceptionOnServerError" executed="False" result="Ignored">
                                <reason>
                                  <message><![CDATA[]]></message>
                                </reason>
                              </test-case>
                            </results>
                          </test-suite>
                        </results>
                      </test-suite>
                      <test-suite type="TestFixture" name="SimpleRequestMessageTest" executed="True" result="Success" success="True" time="0.000" asserts="0">
                        <results>
                          <test-case name="Ca.Infoway.Messagebuilder.Transport.SimpleRequestMessageTest.ShouldParseDocumentToCreateDomVersionOfMessage" executed="True" result="Success" success="True" time="0.000" asserts="1" />
                          <test-case name="Ca.Infoway.Messagebuilder.Transport.SimpleRequestMessageTest.ShouldRenderDocumentToCreateStringVersionOfMessage" executed="True" result="Success" success="True" time="0.000" asserts="1" />
                        </results>
                      </test-suite>
                    </results>
                  </test-suite>
                  <test-suite type="Namespace" name="Util" executed="True" result="Success" success="True" time="0.078" asserts="0">
                    <results>
                      <test-suite type="Namespace" name="Iterator" executed="True" result="Success" success="True" time="0.016" asserts="0">
                        <results>
                          <test-suite type="TestFixture" name="EmptyIterableTest" executed="True" result="Success" success="True" time="0.016" asserts="0">
                            <results>
                              <test-case name="Ca.Infoway.Messagebuilder.Util.Iterator.EmptyIterableTest.TestArray" executed="True" result="Success" success="True" time="0.000" asserts="5" />
                              <test-case name="Ca.Infoway.Messagebuilder.Util.Iterator.EmptyIterableTest.TestNullSafeIterable" executed="True" result="Success" success="True" time="0.000" asserts="4" />
                              <test-case name="Ca.Infoway.Messagebuilder.Util.Iterator.EmptyIterableTest.TestNullSafeIterableArray" executed="True" result="Success" success="True" time="0.000" asserts="4" />
                              <test-case name="Ca.Infoway.Messagebuilder.Util.Iterator.EmptyIterableTest.TestNullSafeIterableMap" executed="True" result="Success" success="True" time="0.016" asserts="4" />
                              <test-case name="Ca.Infoway.Messagebuilder.Util.Iterator.EmptyIterableTest.TestNullSafeIterableMapValues" executed="True" result="Success" success="True" time="0.000" asserts="4" />
                            </results>
                          </test-suite>
                          <test-suite type="TestFixture" name="NodeListIteratorTest" executed="True" result="Success" success="True" time="0.000" asserts="0">
                            <results>
                              <test-case name="Ca.Infoway.Messagebuilder.Util.Iterator.NodeListIteratorTest.ShouldCollateElementsByName" executed="True" result="Success" success="True" time="0.000" asserts="0" />
                            </results>
                          </test-suite>
                        </results>
                      </test-suite>
                      <test-suite type="Namespace" name="Telephone" executed="True" result="Success" success="True" time="0.016" asserts="0">
                        <results>
                          <test-suite type="TestFixture" name="TelephoneParserTest" executed="True" result="Success" success="True" time="0.016" asserts="0">
                            <results>
                              <test-case name="Ca.Infoway.Messagebuilder.Util.Telephone.TelephoneParserTest.ShouldParse" executed="True" result="Success" success="True" time="0.016" asserts="34" />
                            </results>
                          </test-suite>
                        </results>
                      </test-suite>
                      <test-suite type="Namespace" name="Xml" executed="True" result="Success" success="True" time="0.047" asserts="0">
                        <results>
                          <test-suite type="TestFixture" name="XmlDescriberTest" executed="True" result="Success" success="True" time="0.047" asserts="0">
                            <results>
                              <test-case name="Ca.Infoway.Messagebuilder.Util.Xml.XmlDescriberTest.ShouldDescribeAttribute" executed="True" result="Success" success="True" time="0.016" asserts="1" />
                              <test-case name="Ca.Infoway.Messagebuilder.Util.Xml.XmlDescriberTest.ShouldDescribePath" executed="True" result="Success" success="True" time="0.000" asserts="1" />
                              <test-case name="Ca.Infoway.Messagebuilder.Util.Xml.XmlDescriberTest.ShouldDescribePathWithMultiples" executed="True" result="Success" success="True" time="0.016" asserts="1" />
                              <test-case name="Ca.Infoway.Messagebuilder.Util.Xml.XmlDescriberTest.ShouldDescribePathWithMultiples2" executed="True" result="Success" success="True" time="0.000" asserts="1" />
                              <test-case name="Ca.Infoway.Messagebuilder.Util.Xml.XmlDescriberTest.ShouldDescribePathWithMultiplesInParentHierarchy" executed="True" result="Success" success="True" time="0.000" asserts="1" />
                              <test-case name="Ca.Infoway.Messagebuilder.Util.Xml.XmlDescriberTest.ShouldDescribePathWithMultiplesInParentHierarchyAndAttribute" executed="True" result="Success" success="True" time="0.000" asserts="1" />
                              <test-case name="Ca.Infoway.Messagebuilder.Util.Xml.XmlDescriberTest.ShouldDescribePathWithNonContiguousMultiples" executed="True" result="Success" success="True" time="0.000" asserts="1" />
                            </results>
                          </test-suite>
                        </results>
                      </test-suite>
                    </results>
                  </test-suite>
                  <test-suite type="Namespace" name="Xml" executed="True" result="Success" success="True" time="4.312" asserts="0">
                    <results>
                      <test-suite type="Namespace" name="Validator" executed="True" result="Success" success="True" time="4.312" asserts="0">
                        <results>
                          <test-suite type="TestFixture" name="ValidatingVisitorTest" executed="True" result="Success" success="True" time="0.031" asserts="0">
                            <results>
                              <test-case name="Ca.Infoway.Messagebuilder.Xml.Validator.ValidatingVisitorTest.ShouldHaveNoValidationErrorForFixedNonStructuralWhenBoolean" executed="True" result="Success" success="True" time="0.000" asserts="1" />
                              <test-case name="Ca.Infoway.Messagebuilder.Xml.Validator.ValidatingVisitorTest.ShouldHaveNoValidationErrorForFixedNonStructuralWhenIntPos" executed="True" result="Success" success="True" time="0.000" asserts="1" />
                              <test-case name="Ca.Infoway.Messagebuilder.Xml.Validator.ValidatingVisitorTest.ShouldHaveNoValidationErrorForIgnoreConformanceAsOptionalOnAssociation" executed="True" result="Success" success="True" time="0.000" asserts="1" />
                              <test-case name="Ca.Infoway.Messagebuilder.Xml.Validator.ValidatingVisitorTest.ShouldHaveNoValidationErrorForIgnoreConformanceAsOptionalOnAttribute" executed="True" result="Success" success="True" time="0.000" asserts="1" />
                              <test-case name="Ca.Infoway.Messagebuilder.Xml.Validator.ValidatingVisitorTest.ShouldHaveValidationErrorForFixedNonStructural" executed="True" result="Success" success="True" time="0.000" asserts="3" />
                              <test-case name="Ca.Infoway.Messagebuilder.Xml.Validator.ValidatingVisitorTest.ShouldHaveValidationErrorForFixedNonStructuralWhenNotValidType" executed="True" result="Success" success="True" time="0.000" asserts="1" />
                              <test-case name="Ca.Infoway.Messagebuilder.Xml.Validator.ValidatingVisitorTest.ShouldHaveValidationErrorForIgnoreConformanceAsNotAllowedOnAssociation" executed="True" result="Success" success="True" time="0.000" asserts="1" />
                              <test-case name="Ca.Infoway.Messagebuilder.Xml.Validator.ValidatingVisitorTest.ShouldHaveValidationErrorForIgnoreConformanceAsNotAllowedOnAttribute" executed="True" result="Success" success="True" time="0.000" asserts="1" />
                              <test-case name="Ca.Infoway.Messagebuilder.Xml.Validator.ValidatingVisitorTest.ShouldHaveValidationErrorForNotAllowedConformanceOnAssociation" executed="True" result="Success" success="True" time="0.016" asserts="1" />
                              <test-case name="Ca.Infoway.Messagebuilder.Xml.Validator.ValidatingVisitorTest.ShouldHaveValidationErrorForNotAllowedConformanceOnAttribute" executed="True" result="Success" success="True" time="0.000" asserts="1" />
                              <test-case name="Ca.Infoway.Messagebuilder.Xml.Validator.ValidatingVisitorTest.ShouldHaveValidationErrors" executed="True" result="Success" success="True" time="0.000" asserts="2" />
                            </results>
                          </test-suite>
                          <test-suite type="TestFixture" name="ValidatorTest" executed="True" result="Success" success="True" time="4.266" asserts="0">
                            <results>
                              <test-case name="Ca.Infoway.Messagebuilder.Xml.Validator.ValidatorTest.TestChiSampleXml1" executed="False" result="Ignored">
                                <reason>
                                  <message><![CDATA[]]></message>
                                </reason>
                              </test-case>
                              <test-case name="Ca.Infoway.Messagebuilder.Xml.Validator.ValidatorTest.TestChiSampleXml2" executed="False" result="Ignored">
                                <reason>
                                  <message><![CDATA[]]></message>
                                </reason>
                              </test-case>
                              <test-case name="Ca.Infoway.Messagebuilder.Xml.Validator.ValidatorTest.TestIntelliwareSampleXml" executed="False" result="Ignored">
                                <reason>
                                  <message><![CDATA[]]></message>
                                </reason>
                              </test-case>
                              <test-case name="Ca.Infoway.Messagebuilder.Xml.Validator.ValidatorTest.TestValidate" executed="True" result="Success" success="True" time="0.422" asserts="0" />
                              <test-case name="Ca.Infoway.Messagebuilder.Xml.Validator.ValidatorTest.TestValidateCaseWhereTemplateTypeIsAlsoChoiceType" executed="True" result="Success" success="True" time="0.312" asserts="0" />
                              <test-case name="Ca.Infoway.Messagebuilder.Xml.Validator.ValidatorTest.TestValidateMessageWithLocalExtensions" executed="True" result="Success" success="True" time="0.344" asserts="0" />
                              <test-case name="Ca.Infoway.Messagebuilder.Xml.Validator.ValidatorTest.TestValidationFailureOnAttribute" executed="True" result="Success" success="True" time="0.312" asserts="2" />
                              <test-case name="Ca.Infoway.Messagebuilder.Xml.Validator.ValidatorTest.TestValidationFailureOnFixedValue" executed="True" result="Success" success="True" time="0.312" asserts="2" />
                              <test-case name="Ca.Infoway.Messagebuilder.Xml.Validator.ValidatorTest.TestValidationFailureWithExtraAttributed" executed="True" result="Success" success="True" time="0.312" asserts="2" />
                              <test-case name="Ca.Infoway.Messagebuilder.Xml.Validator.ValidatorTest.TestValidationFailureWithExtraElements" executed="True" result="Success" success="True" time="0.312" asserts="2" />
                              <test-case name="Ca.Infoway.Messagebuilder.Xml.Validator.ValidatorTest.TestValidationFailureWithMissingAssociation" executed="True" result="Success" success="True" time="0.328" asserts="2" />
                              <test-case name="Ca.Infoway.Messagebuilder.Xml.Validator.ValidatorTest.TestValidationFailureWithMissingNamespace" executed="True" result="Success" success="True" time="0.312" asserts="2" />
                              <test-case name="Ca.Infoway.Messagebuilder.Xml.Validator.ValidatorTest.TestValidationFailureWithTooManyInstancesOfAssociation" executed="True" result="Success" success="True" time="0.312" asserts="2" />
                              <test-case name="Ca.Infoway.Messagebuilder.Xml.Validator.ValidatorTest.TestValidationNoFailureDueToSchemaLocation" executed="True" result="Success" success="True" time="0.312" asserts="0" />
                              <test-case name="Ca.Infoway.Messagebuilder.Xml.Validator.ValidatorTest.TestValidationOfUnknownType" executed="True" result="Success" success="True" time="0.312" asserts="1" />
                              <test-case name="Ca.Infoway.Messagebuilder.Xml.Validator.ValidatorTest.TestValidationWithNullFlavor" executed="True" result="Success" success="True" time="0.312" asserts="0" />
                            </results>
                          </test-suite>
                        </results>
                      </test-suite>
                    </results>
                  </test-suite>
                </results>
              </test-suite>
            </results>
          </test-suite>
        </results>
      </test-suite>
      <test-suite type="Namespace" name="Platform" executed="True" result="Success" success="True" time="0.016" asserts="0">
        <results>
          <test-suite type="Namespace" name="SimpleXml" executed="True" result="Success" success="True" time="0.016" asserts="0">
            <results>
              <test-suite type="TestFixture" name="PersisterTest" executed="True" result="Success" success="True" time="0.016" asserts="0">
                <results>
                  <test-case name="Platform.SimpleXml.PersisterTest.ShouldReadSimpleXml" executed="True" result="Success" success="True" time="0.000" asserts="2" />
                  <test-case name="Platform.SimpleXml.PersisterTest.ShouldReadSimpleXmlWithNestedElement" executed="True" result="Success" success="True" time="0.000" asserts="2" />
                </results>
              </test-suite>
            </results>
          </test-suite>
        </results>
      </test-suite>
    </results>
  </test-suite>
</test-results>